Loaded feature columns successfully: stock=['characteristic_1', 'characteristic_2', 'characteristic_3', 'price'] market=['MKT', 'SMB', 'HML']
Dataset split summary: total_num_days=200 train_split_ratio=0.8000 validation_split_ratio=0.1000 backtest_split_ratio=0.1000 train_split_length=160 validation_split_length=20 backtest_split_length=20 analysis_horizon_days=19 train_horizon_start_index=141 train_horizon_end_index=159 validation_horizon_start_index=161 validation_horizon_end_index=179 backtest_horizon_start_index=181 backtest_horizon_end_index=199 dynamic_train_lookback_length=141 dynamic_validation_lookback_length=161 dynamic_backtest_lookback_length=181 train_window_count=1 validation_window_count=1 backtest_window_count=1
Running epoch-based train mode with train_windows=1 validation_windows=1 backtest_windows=1 batch_size=1 num_epochs=300.
epoch=1 train_loss=-0.02423235 train_portfolio_return=0.02423235 val_loss=-0.06900174 val_portfolio_return=0.06900174
epoch=2 train_loss=-0.03237775 train_portfolio_return=0.03237775 val_loss=-0.07042362 val_portfolio_return=0.07042362
epoch=3 train_loss=-0.03655007 train_portfolio_return=0.03655007 val_loss=-0.07274151 val_portfolio_return=0.07274151
epoch=4 train_loss=-0.03904087 train_portfolio_return=0.03904087 val_loss=-0.07661138 val_portfolio_return=0.07661138
epoch=5 train_loss=-0.04239205 train_portfolio_return=0.04239205 val_loss=-0.07494183 val_portfolio_return=0.07494183
epoch=6 train_loss=-0.05410204 train_portfolio_return=0.05410204 val_loss=-0.07460578 val_portfolio_return=0.07460578
epoch=7 train_loss=-0.09428307 train_portfolio_return=0.09428307 val_loss=-0.06039260 val_portfolio_return=0.06039260
epoch=8 train_loss=-0.05619929 train_portfolio_return=0.05619929 val_loss=-0.06035119 val_portfolio_return=0.06035119
epoch=9 train_loss=-0.05173724 train_portfolio_return=0.05173724 val_loss=-0.05804845 val_portfolio_return=0.05804845
epoch=10 train_loss=-0.05226978 train_portfolio_return=0.05226978 val_loss=-0.05205625 val_portfolio_return=0.05205625
epoch=11 train_loss=-0.06227992 train_portfolio_return=0.06227992 val_loss=-0.05104827 val_portfolio_return=0.05104827
epoch=12 train_loss=-0.10842377 train_portfolio_return=0.10842377 val_loss=-0.10163572 val_portfolio_return=0.10163572
epoch=13 train_loss=-0.09708637 train_portfolio_return=0.09708637 val_loss=-0.12548490 val_portfolio_return=0.12548490
epoch=14 train_loss=-0.17171031 train_portfolio_return=0.17171031 val_loss=-0.06061308 val_portfolio_return=0.06061308
epoch=15 train_loss=-0.16026077 train_portfolio_return=0.16026077 val_loss=-0.05769811 val_portfolio_return=0.05769811
epoch=16 train_loss=-0.17350297 train_portfolio_return=0.17350297 val_loss=-0.07855372 val_portfolio_return=0.07855372
epoch=17 train_loss=-0.20566988 train_portfolio_return=0.20566988 val_loss=-0.09203844 val_portfolio_return=0.09203844
epoch=18 train_loss=-0.21465555 train_portfolio_return=0.21465555 val_loss=-0.05803084 val_portfolio_return=0.05803084
epoch=19 train_loss=-0.21349776 train_portfolio_return=0.21349776 val_loss=-0.03788245 val_portfolio_return=0.03788245
epoch=20 train_loss=-0.23143405 train_portfolio_return=0.23143405 val_loss=-0.02429593 val_portfolio_return=0.02429593
epoch=21 train_loss=-0.24202262 train_portfolio_return=0.24202262 val_loss=-0.01935863 val_portfolio_return=0.01935863
epoch=22 train_loss=-0.24765074 train_portfolio_return=0.24765074 val_loss=-0.01793765 val_portfolio_return=0.01793765
epoch=23 train_loss=-0.24841870 train_portfolio_return=0.24841870 val_loss=-0.01741489 val_portfolio_return=0.01741489
epoch=24 train_loss=-0.24854034 train_portfolio_return=0.24854034 val_loss=-0.01722032 val_portfolio_return=0.01722032
epoch=25 train_loss=-0.24853180 train_portfolio_return=0.24853180 val_loss=-0.01718078 val_portfolio_return=0.01718078
epoch=26 train_loss=-0.24843128 train_portfolio_return=0.24843128 val_loss=-0.01724532 val_portfolio_return=0.01724532
epoch=27 train_loss=-0.24820742 train_portfolio_return=0.24820742 val_loss=-0.01740708 val_portfolio_return=0.01740708
epoch=28 train_loss=-0.24789225 train_portfolio_return=0.24789225 val_loss=-0.01759378 val_portfolio_return=0.01759378
epoch=29 train_loss=-0.24781547 train_portfolio_return=0.24781547 val_loss=-0.01758499 val_portfolio_return=0.01758499
epoch=30 train_loss=-0.24814364 train_portfolio_return=0.24814364 val_loss=-0.01737617 val_portfolio_return=0.01737617
epoch=31 train_loss=-0.24846902 train_portfolio_return=0.24846902 val_loss=-0.01719161 val_portfolio_return=0.01719161
epoch=32 train_loss=-0.24864188 train_portfolio_return=0.24864188 val_loss=-0.01708705 val_portfolio_return=0.01708705
epoch=33 train_loss=-0.24872094 train_portfolio_return=0.24872094 val_loss=-0.01703474 val_portfolio_return=0.01703474
epoch=34 train_loss=-0.24875779 train_portfolio_return=0.24875779 val_loss=-0.01700952 val_portfolio_return=0.01700952
epoch=35 train_loss=-0.24877608 train_portfolio_return=0.24877608 val_loss=-0.01699802 val_portfolio_return=0.01699802
epoch=36 train_loss=-0.24878581 train_portfolio_return=0.24878581 val_loss=-0.01699382 val_portfolio_return=0.01699382
epoch=37 train_loss=-0.24879111 train_portfolio_return=0.24879111 val_loss=-0.01699384 val_portfolio_return=0.01699384
epoch=38 train_loss=-0.24879411 train_portfolio_return=0.24879411 val_loss=-0.01699623 val_portfolio_return=0.01699623
epoch=39 train_loss=-0.24879572 train_portfolio_return=0.24879572 val_loss=-0.01699987 val_portfolio_return=0.01699987
epoch=40 train_loss=-0.24879646 train_portfolio_return=0.24879646 val_loss=-0.01700385 val_portfolio_return=0.01700385
epoch=41 train_loss=-0.24879675 train_portfolio_return=0.24879675 val_loss=-0.01700736 val_portfolio_return=0.01700736
epoch=42 train_loss=-0.24879679 train_portfolio_return=0.24879679 val_loss=-0.01700980 val_portfolio_return=0.01700980
epoch=43 train_loss=-0.24879684 train_portfolio_return=0.24879684 val_loss=-0.01701072 val_portfolio_return=0.01701072
epoch=44 train_loss=-0.24879694 train_portfolio_return=0.24879694 val_loss=-0.01700995 val_portfolio_return=0.01700995
epoch=45 train_loss=-0.24879730 train_portfolio_return=0.24879730 val_loss=-0.01700746 val_portfolio_return=0.01700746
epoch=46 train_loss=-0.24879792 train_portfolio_return=0.24879792 val_loss=-0.01700350 val_portfolio_return=0.01700350
epoch=47 train_loss=-0.24879877 train_portfolio_return=0.24879877 val_loss=-0.01699858 val_portfolio_return=0.01699858
epoch=48 train_loss=-0.24879971 train_portfolio_return=0.24879971 val_loss=-0.01699326 val_portfolio_return=0.01699326
epoch=49 train_loss=-0.24880072 train_portfolio_return=0.24880072 val_loss=-0.01698806 val_portfolio_return=0.01698806
epoch=50 train_loss=-0.24880177 train_portfolio_return=0.24880177 val_loss=-0.01698331 val_portfolio_return=0.01698331
epoch=51 train_loss=-0.24880263 train_portfolio_return=0.24880263 val_loss=-0.01697919 val_portfolio_return=0.01697919
epoch=52 train_loss=-0.24880342 train_portfolio_return=0.24880342 val_loss=-0.01697570 val_portfolio_return=0.01697570
epoch=53 train_loss=-0.24880402 train_portfolio_return=0.24880402 val_loss=-0.01697280 val_portfolio_return=0.01697280
epoch=54 train_loss=-0.24880451 train_portfolio_return=0.24880451 val_loss=-0.01697037 val_portfolio_return=0.01697037
epoch=55 train_loss=-0.24880491 train_portfolio_return=0.24880491 val_loss=-0.01696833 val_portfolio_return=0.01696833
epoch=56 train_loss=-0.24880521 train_portfolio_return=0.24880521 val_loss=-0.01696660 val_portfolio_return=0.01696660
epoch=57 train_loss=-0.24880545 train_portfolio_return=0.24880545 val_loss=-0.01696509 val_portfolio_return=0.01696509
epoch=58 train_loss=-0.24880564 train_portfolio_return=0.24880564 val_loss=-0.01696376 val_portfolio_return=0.01696376
epoch=59 train_loss=-0.24880576 train_portfolio_return=0.24880576 val_loss=-0.01696257 val_portfolio_return=0.01696257
epoch=60 train_loss=-0.24880587 train_portfolio_return=0.24880587 val_loss=-0.01696149 val_portfolio_return=0.01696149
epoch=61 train_loss=-0.24880603 train_portfolio_return=0.24880603 val_loss=-0.01696052 val_portfolio_return=0.01696052
epoch=62 train_loss=-0.24880604 train_portfolio_return=0.24880604 val_loss=-0.01695962 val_portfolio_return=0.01695962
epoch=63 train_loss=-0.24880609 train_portfolio_return=0.24880609 val_loss=-0.01695879 val_portfolio_return=0.01695879
epoch=64 train_loss=-0.24880613 train_portfolio_return=0.24880613 val_loss=-0.01695803 val_portfolio_return=0.01695803
epoch=65 train_loss=-0.24880616 train_portfolio_return=0.24880616 val_loss=-0.01695732 val_portfolio_return=0.01695732
epoch=66 train_loss=-0.24880625 train_portfolio_return=0.24880625 val_loss=-0.01695667 val_portfolio_return=0.01695667
epoch=67 train_loss=-0.24880628 train_portfolio_return=0.24880628 val_loss=-0.01695607 val_portfolio_return=0.01695607
epoch=68 train_loss=-0.24880627 train_portfolio_return=0.24880627 val_loss=-0.01695550 val_portfolio_return=0.01695550
epoch=69 train_loss=-0.24880633 train_portfolio_return=0.24880633 val_loss=-0.01695498 val_portfolio_return=0.01695498
epoch=70 train_loss=-0.24880636 train_portfolio_return=0.24880636 val_loss=-0.01695450 val_portfolio_return=0.01695450
epoch=71 train_loss=-0.24880637 train_portfolio_return=0.24880637 val_loss=-0.01695404 val_portfolio_return=0.01695404
epoch=72 train_loss=-0.24880637 train_portfolio_return=0.24880637 val_loss=-0.01695363 val_portfolio_return=0.01695363
epoch=73 train_loss=-0.24880640 train_portfolio_return=0.24880640 val_loss=-0.01695324 val_portfolio_return=0.01695324
epoch=74 train_loss=-0.24880643 train_portfolio_return=0.24880643 val_loss=-0.01695287 val_portfolio_return=0.01695287
epoch=75 train_loss=-0.24880646 train_portfolio_return=0.24880646 val_loss=-0.01695253 val_portfolio_return=0.01695253
epoch=76 train_loss=-0.24880643 train_portfolio_return=0.24880643 val_loss=-0.01695221 val_portfolio_return=0.01695221
epoch=77 train_loss=-0.24880649 train_portfolio_return=0.24880649 val_loss=-0.01695190 val_portfolio_return=0.01695190
epoch=78 train_loss=-0.24880648 train_portfolio_return=0.24880648 val_loss=-0.01695162 val_portfolio_return=0.01695162
epoch=79 train_loss=-0.24880646 train_portfolio_return=0.24880646 val_loss=-0.01695135 val_portfolio_return=0.01695135
epoch=80 train_loss=-0.24880649 train_portfolio_return=0.24880649 val_loss=-0.01695110 val_portfolio_return=0.01695110
epoch=81 train_loss=-0.24880651 train_portfolio_return=0.24880651 val_loss=-0.01695086 val_portfolio_return=0.01695086
epoch=82 train_loss=-0.24880654 train_portfolio_return=0.24880654 val_loss=-0.01695064 val_portfolio_return=0.01695064
epoch=83 train_loss=-0.24880652 train_portfolio_return=0.24880652 val_loss=-0.01695042 val_portfolio_return=0.01695042
epoch=84 train_loss=-0.24880655 train_portfolio_return=0.24880655 val_loss=-0.01695022 val_portfolio_return=0.01695022
epoch=85 train_loss=-0.24880657 train_portfolio_return=0.24880657 val_loss=-0.01695002 val_portfolio_return=0.01695002
epoch=86 train_loss=-0.24880657 train_portfolio_return=0.24880657 val_loss=-0.01694984 val_portfolio_return=0.01694984
epoch=87 train_loss=-0.24880657 train_portfolio_return=0.24880657 val_loss=-0.01694967 val_portfolio_return=0.01694967
epoch=88 train_loss=-0.24880660 train_portfolio_return=0.24880660 val_loss=-0.01694950 val_portfolio_return=0.01694950
epoch=89 train_loss=-0.24880660 train_portfolio_return=0.24880660 val_loss=-0.01694934 val_portfolio_return=0.01694934
epoch=90 train_loss=-0.24880658 train_portfolio_return=0.24880658 val_loss=-0.01694919 val_portfolio_return=0.01694919
epoch=91 train_loss=-0.24880658 train_portfolio_return=0.24880658 val_loss=-0.01694904 val_portfolio_return=0.01694904
epoch=92 train_loss=-0.24880661 train_portfolio_return=0.24880661 val_loss=-0.01694890 val_portfolio_return=0.01694890
epoch=93 train_loss=-0.24880660 train_portfolio_return=0.24880660 val_loss=-0.01694877 val_portfolio_return=0.01694877
epoch=94 train_loss=-0.24880660 train_portfolio_return=0.24880660 val_loss=-0.01694864 val_portfolio_return=0.01694864
epoch=95 train_loss=-0.24880660 train_portfolio_return=0.24880660 val_loss=-0.01694852 val_portfolio_return=0.01694852
epoch=96 train_loss=-0.24880661 train_portfolio_return=0.24880661 val_loss=-0.01694839 val_portfolio_return=0.01694839
epoch=97 train_loss=-0.24880661 train_portfolio_return=0.24880661 val_loss=-0.01694828 val_portfolio_return=0.01694828
epoch=98 train_loss=-0.24880661 train_portfolio_return=0.24880661 val_loss=-0.01694817 val_portfolio_return=0.01694817
epoch=99 train_loss=-0.24880664 train_portfolio_return=0.24880664 val_loss=-0.01694806 val_portfolio_return=0.01694806
epoch=100 train_loss=-0.24880664 train_portfolio_return=0.24880664 val_loss=-0.01694796 val_portfolio_return=0.01694796
epoch=101 train_loss=-0.24880664 train_portfolio_return=0.24880664 val_loss=-0.01694786 val_portfolio_return=0.01694786
epoch=102 train_loss=-0.24880664 train_portfolio_return=0.24880664 val_loss=-0.01694776 val_portfolio_return=0.01694776
epoch=103 train_loss=-0.24880664 train_portfolio_return=0.24880664 val_loss=-0.01694767 val_portfolio_return=0.01694767
epoch=104 train_loss=-0.24880664 train_portfolio_return=0.24880664 val_loss=-0.01694758 val_portfolio_return=0.01694758
epoch=105 train_loss=-0.24880663 train_portfolio_return=0.24880663 val_loss=-0.01694750 val_portfolio_return=0.01694750
epoch=106 train_loss=-0.24880663 train_portfolio_return=0.24880663 val_loss=-0.01694742 val_portfolio_return=0.01694742
epoch=107 train_loss=-0.24880663 train_portfolio_return=0.24880663 val_loss=-0.01694733 val_portfolio_return=0.01694733
epoch=108 train_loss=-0.24880663 train_portfolio_return=0.24880663 val_loss=-0.01694725 val_portfolio_return=0.01694725
epoch=109 train_loss=-0.24880663 train_portfolio_return=0.24880663 val_loss=-0.01694718 val_portfolio_return=0.01694718
epoch=110 train_loss=-0.24880663 train_portfolio_return=0.24880663 val_loss=-0.01694711 val_portfolio_return=0.01694711
epoch=111 train_loss=-0.24880663 train_portfolio_return=0.24880663 val_loss=-0.01694703 val_portfolio_return=0.01694703
epoch=112 train_loss=-0.24880663 train_portfolio_return=0.24880663 val_loss=-0.01694697 val_portfolio_return=0.01694697
epoch=113 train_loss=-0.24880663 train_portfolio_return=0.24880663 val_loss=-0.01694690 val_portfolio_return=0.01694690
Early stopping triggered with patience=100 at epoch=113.
Loading best checkpoint for final backtest evaluation: /root/FactorMarketRL/portfolio_attention/outputs/checkpoints/train_best.pt.
Loaded feature columns successfully: stock=['characteristic_1', 'characteristic_2', 'characteristic_3', 'price'] market=['MKT', 'SMB', 'HML']
Dataset split summary: total_num_days=200 train_split_ratio=0.8000 validation_split_ratio=0.1000 backtest_split_ratio=0.1000 train_split_length=160 validation_split_length=20 backtest_split_length=20 analysis_horizon_days=19 train_horizon_start_index=141 train_horizon_end_index=159 validation_horizon_start_index=161 validation_horizon_end_index=179 backtest_horizon_start_index=181 backtest_horizon_end_index=199 dynamic_train_lookback_length=141 dynamic_validation_lookback_length=161 dynamic_backtest_lookback_length=181 train_window_count=1 validation_window_count=1 backtest_window_count=1
Running epoch-based train mode with train_windows=1 validation_windows=1 backtest_windows=1 batch_size=1 num_epochs=300.
epoch=1 train_loss=-0.16944921 train_portfolio_return=0.16944921 val_loss=-0.27631629 val_portfolio_return=0.27631629
epoch=2 train_loss=-0.21693790 train_portfolio_return=0.21693790 val_loss=-0.30594519 val_portfolio_return=0.30594519
epoch=3 train_loss=-0.24364021 train_portfolio_return=0.24364021 val_loss=-0.31642079 val_portfolio_return=0.31642079
epoch=4 train_loss=-0.25612628 train_portfolio_return=0.25612628 val_loss=-0.32407731 val_portfolio_return=0.32407731
epoch=5 train_loss=-0.26510483 train_portfolio_return=0.26510483 val_loss=-0.33158559 val_portfolio_return=0.33158559
epoch=6 train_loss=-0.27236319 train_portfolio_return=0.27236319 val_loss=-0.34382495 val_portfolio_return=0.34382495
epoch=7 train_loss=-0.26912159 train_portfolio_return=0.26912159 val_loss=-0.31988305 val_portfolio_return=0.31988305
epoch=8 train_loss=-0.26705447 train_portfolio_return=0.26705447 val_loss=-0.30703276 val_portfolio_return=0.30703276
epoch=9 train_loss=-0.25493714 train_portfolio_return=0.25493714 val_loss=-0.30319509 val_portfolio_return=0.30319509
epoch=10 train_loss=-0.25151938 train_portfolio_return=0.25151938 val_loss=-0.30196393 val_portfolio_return=0.30196393
epoch=11 train_loss=-0.25102097 train_portfolio_return=0.25102097 val_loss=-0.30293298 val_portfolio_return=0.30293298
epoch=12 train_loss=-0.25158042 train_portfolio_return=0.25158042 val_loss=-0.30560201 val_portfolio_return=0.30560201
epoch=13 train_loss=-0.25338772 train_portfolio_return=0.25338772 val_loss=-0.30927560 val_portfolio_return=0.30927560
epoch=14 train_loss=-0.25622338 train_portfolio_return=0.25622338 val_loss=-0.31352407 val_portfolio_return=0.31352407
epoch=15 train_loss=-0.25952405 train_portfolio_return=0.25952405 val_loss=-0.31701276 val_portfolio_return=0.31701276
epoch=16 train_loss=-0.26221848 train_portfolio_return=0.26221848 val_loss=-0.31473544 val_portfolio_return=0.31473544
epoch=17 train_loss=-0.26132151 train_portfolio_return=0.26132151 val_loss=-0.31907836 val_portfolio_return=0.31907836
epoch=18 train_loss=-0.26410314 train_portfolio_return=0.26410314 val_loss=-0.32260776 val_portfolio_return=0.32260776
epoch=19 train_loss=-0.26761371 train_portfolio_return=0.26761371 val_loss=-0.32369822 val_portfolio_return=0.32369822
epoch=20 train_loss=-0.26926166 train_portfolio_return=0.26926166 val_loss=-0.32454130 val_portfolio_return=0.32454130
epoch=21 train_loss=-0.27078748 train_portfolio_return=0.27078748 val_loss=-0.32647076 val_portfolio_return=0.32647076
epoch=22 train_loss=-0.27348924 train_portfolio_return=0.27348924 val_loss=-0.33157593 val_portfolio_return=0.33157593
epoch=23 train_loss=-0.27864575 train_portfolio_return=0.27864575 val_loss=-0.34156305 val_portfolio_return=0.34156305
epoch=24 train_loss=-0.29189727 train_portfolio_return=0.29189727 val_loss=-0.33553869 val_portfolio_return=0.33553869
epoch=25 train_loss=-0.28786206 train_portfolio_return=0.28786206 val_loss=-0.34542838 val_portfolio_return=0.34542838
epoch=26 train_loss=-0.31661701 train_portfolio_return=0.31661701 val_loss=-0.34457648 val_portfolio_return=0.34457648
epoch=27 train_loss=-0.33158436 train_portfolio_return=0.33158436 val_loss=-0.32693475 val_portfolio_return=0.32693475
epoch=28 train_loss=-0.19637841 train_portfolio_return=0.19637841 val_loss=-0.32790250 val_portfolio_return=0.32790250
epoch=29 train_loss=-0.22393781 train_portfolio_return=0.22393781 val_loss=-0.33898875 val_portfolio_return=0.33898875
epoch=30 train_loss=-0.32070693 train_portfolio_return=0.32070693 val_loss=-0.33529764 val_portfolio_return=0.33529764
epoch=31 train_loss=-0.33942109 train_portfolio_return=0.33942109 val_loss=-0.31243593 val_portfolio_return=0.31243593
epoch=32 train_loss=-0.28091699 train_portfolio_return=0.28091699 val_loss=-0.33986980 val_portfolio_return=0.33986980
epoch=33 train_loss=-0.28197816 train_portfolio_return=0.28197816 val_loss=-0.33959827 val_portfolio_return=0.33959827
epoch=34 train_loss=-0.27369961 train_portfolio_return=0.27369961 val_loss=-0.34399939 val_portfolio_return=0.34399939
epoch=35 train_loss=-0.29937038 train_portfolio_return=0.29937038 val_loss=-0.34221029 val_portfolio_return=0.34221029
epoch=36 train_loss=-0.31396824 train_portfolio_return=0.31396824 val_loss=-0.32740510 val_portfolio_return=0.32740510
epoch=37 train_loss=-0.31348443 train_portfolio_return=0.31348443 val_loss=-0.33351743 val_portfolio_return=0.33351743
epoch=38 train_loss=-0.33745906 train_portfolio_return=0.33745906 val_loss=-0.33749294 val_portfolio_return=0.33749294
epoch=39 train_loss=-0.35123813 train_portfolio_return=0.35123813 val_loss=-0.25775862 val_portfolio_return=0.25775862
epoch=40 train_loss=-0.37398735 train_portfolio_return=0.37398735 val_loss=-0.28584462 val_portfolio_return=0.28584462
epoch=41 train_loss=-0.39399591 train_portfolio_return=0.39399591 val_loss=-0.30210346 val_portfolio_return=0.30210346
epoch=42 train_loss=-0.39329305 train_portfolio_return=0.39329305 val_loss=-0.31030864 val_portfolio_return=0.31030864
epoch=43 train_loss=-0.39437351 train_portfolio_return=0.39437351 val_loss=-0.27478242 val_portfolio_return=0.27478242
epoch=44 train_loss=-0.39627120 train_portfolio_return=0.39627120 val_loss=-0.22419634 val_portfolio_return=0.22419634
epoch=45 train_loss=-0.39705417 train_portfolio_return=0.39705417 val_loss=-0.19705895 val_portfolio_return=0.19705895
epoch=46 train_loss=-0.39725003 train_portfolio_return=0.39725003 val_loss=-0.18889214 val_portfolio_return=0.18889214
epoch=47 train_loss=-0.39727777 train_portfolio_return=0.39727777 val_loss=-0.18625037 val_portfolio_return=0.18625037
epoch=48 train_loss=-0.39732003 train_portfolio_return=0.39732003 val_loss=-0.18405791 val_portfolio_return=0.18405791
epoch=49 train_loss=-0.39730787 train_portfolio_return=0.39730787 val_loss=-0.18270978 val_portfolio_return=0.18270978
epoch=50 train_loss=-0.39727840 train_portfolio_return=0.39727840 val_loss=-0.18227950 val_portfolio_return=0.18227950
epoch=51 train_loss=-0.39727673 train_portfolio_return=0.39727673 val_loss=-0.18213587 val_portfolio_return=0.18213587
epoch=52 train_loss=-0.39730024 train_portfolio_return=0.39730024 val_loss=-0.18207599 val_portfolio_return=0.18207599
epoch=53 train_loss=-0.39735961 train_portfolio_return=0.39735961 val_loss=-0.18205149 val_portfolio_return=0.18205149
epoch=54 train_loss=-0.39750400 train_portfolio_return=0.39750400 val_loss=-0.18205392 val_portfolio_return=0.18205392
epoch=55 train_loss=-0.39793414 train_portfolio_return=0.39793414 val_loss=-0.18212216 val_portfolio_return=0.18212216
epoch=56 train_loss=-0.39981684 train_portfolio_return=0.39981684 val_loss=-0.18403992 val_portfolio_return=0.18403992
epoch=57 train_loss=-0.41362640 train_portfolio_return=0.41362640 val_loss=-0.30008027 val_portfolio_return=0.30008027
epoch=58 train_loss=-0.43918651 train_portfolio_return=0.43918651 val_loss=-0.18634619 val_portfolio_return=0.18634619
epoch=59 train_loss=-0.41599265 train_portfolio_return=0.41599265 val_loss=-0.40833837 val_portfolio_return=0.40833837
epoch=60 train_loss=-0.47705036 train_portfolio_return=0.47705036 val_loss=-0.42344007 val_portfolio_return=0.42344007
epoch=61 train_loss=-0.41316527 train_portfolio_return=0.41316527 val_loss=-0.41148621 val_portfolio_return=0.41148621
epoch=62 train_loss=-0.43744451 train_portfolio_return=0.43744451 val_loss=-0.34675264 val_portfolio_return=0.34675264
epoch=63 train_loss=-0.48448402 train_portfolio_return=0.48448402 val_loss=-0.34773657 val_portfolio_return=0.34773657
epoch=64 train_loss=-0.30626374 train_portfolio_return=0.30626374 val_loss=-0.36404163 val_portfolio_return=0.36404163
epoch=65 train_loss=-0.42100659 train_portfolio_return=0.42100659 val_loss=-0.31728947 val_portfolio_return=0.31728947
epoch=66 train_loss=-0.44785738 train_portfolio_return=0.44785738 val_loss=-0.32865536 val_portfolio_return=0.32865536
epoch=67 train_loss=-0.46211928 train_portfolio_return=0.46211928 val_loss=-0.32918441 val_portfolio_return=0.32918441
epoch=68 train_loss=-0.47385359 train_portfolio_return=0.47385359 val_loss=-0.33037212 val_portfolio_return=0.33037212
epoch=69 train_loss=-0.46830651 train_portfolio_return=0.46830651 val_loss=-0.33848989 val_portfolio_return=0.33848989
epoch=70 train_loss=-0.32944739 train_portfolio_return=0.32944739 val_loss=-0.32631025 val_portfolio_return=0.32631025
epoch=71 train_loss=-0.43269902 train_portfolio_return=0.43269902 val_loss=-0.18261030 val_portfolio_return=0.18261030
epoch=72 train_loss=-0.20044968 train_portfolio_return=0.20044968 val_loss=-0.27934235 val_portfolio_return=0.27934235
epoch=73 train_loss=-0.22499701 train_portfolio_return=0.22499701 val_loss=-0.29099947 val_portfolio_return=0.29099947
epoch=74 train_loss=-0.23659408 train_portfolio_return=0.23659408 val_loss=-0.30506417 val_portfolio_return=0.30506417
epoch=75 train_loss=-0.24459589 train_portfolio_return=0.24459589 val_loss=-0.30114108 val_portfolio_return=0.30114108
epoch=76 train_loss=-0.25271940 train_portfolio_return=0.25271940 val_loss=-0.29987943 val_portfolio_return=0.29987943
epoch=77 train_loss=-0.25547931 train_portfolio_return=0.25547931 val_loss=-0.29963562 val_portfolio_return=0.29963562
epoch=78 train_loss=-0.27029079 train_portfolio_return=0.27029079 val_loss=-0.26515254 val_portfolio_return=0.26515254
epoch=79 train_loss=-0.26726329 train_portfolio_return=0.26726329 val_loss=-0.27072096 val_portfolio_return=0.27072096
epoch=80 train_loss=-0.23468360 train_portfolio_return=0.23468360 val_loss=-0.27313349 val_portfolio_return=0.27313349
epoch=81 train_loss=-0.20824628 train_portfolio_return=0.20824628 val_loss=-0.24187541 val_portfolio_return=0.24187541
epoch=82 train_loss=-0.22594467 train_portfolio_return=0.22594467 val_loss=-0.29102170 val_portfolio_return=0.29102170
epoch=83 train_loss=-0.19583043 train_portfolio_return=0.19583043 val_loss=-0.20746371 val_portfolio_return=0.20746371
epoch=84 train_loss=-0.15163946 train_portfolio_return=0.15163946 val_loss=-0.28899947 val_portfolio_return=0.28899947
epoch=85 train_loss=-0.24363263 train_portfolio_return=0.24363263 val_loss=-0.30451041 val_portfolio_return=0.30451041
epoch=86 train_loss=-0.27465570 train_portfolio_return=0.27465570 val_loss=-0.30491105 val_portfolio_return=0.30491105
epoch=87 train_loss=-0.27714646 train_portfolio_return=0.27714646 val_loss=-0.30478927 val_portfolio_return=0.30478927
epoch=88 train_loss=-0.27500004 train_portfolio_return=0.27500004 val_loss=-0.30216426 val_portfolio_return=0.30216426
epoch=89 train_loss=-0.27510881 train_portfolio_return=0.27510881 val_loss=-0.29781753 val_portfolio_return=0.29781753
epoch=90 train_loss=-0.27072352 train_portfolio_return=0.27072352 val_loss=-0.29568332 val_portfolio_return=0.29568332
epoch=91 train_loss=-0.26972508 train_portfolio_return=0.26972508 val_loss=-0.29889905 val_portfolio_return=0.29889905
epoch=92 train_loss=-0.28265899 train_portfolio_return=0.28265899 val_loss=-0.30421871 val_portfolio_return=0.30421871
epoch=93 train_loss=-0.30871475 train_portfolio_return=0.30871475 val_loss=-0.29925537 val_portfolio_return=0.29925537
epoch=94 train_loss=-0.26512593 train_portfolio_return=0.26512593 val_loss=-0.29954505 val_portfolio_return=0.29954505
epoch=95 train_loss=-0.26380861 train_portfolio_return=0.26380861 val_loss=-0.29472890 val_portfolio_return=0.29472890
epoch=96 train_loss=-0.26155055 train_portfolio_return=0.26155055 val_loss=-0.29172957 val_portfolio_return=0.29172957
epoch=97 train_loss=-0.25416699 train_portfolio_return=0.25416699 val_loss=-0.29674309 val_portfolio_return=0.29674309
epoch=98 train_loss=-0.26235223 train_portfolio_return=0.26235223 val_loss=-0.30665272 val_portfolio_return=0.30665272
epoch=99 train_loss=-0.29796046 train_portfolio_return=0.29796046 val_loss=-0.30835259 val_portfolio_return=0.30835259
epoch=100 train_loss=-0.31872272 train_portfolio_return=0.31872272 val_loss=-0.31532717 val_portfolio_return=0.31532717
epoch=101 train_loss=-0.36321634 train_portfolio_return=0.36321634 val_loss=-0.29888472 val_portfolio_return=0.29888472
epoch=102 train_loss=-0.31653813 train_portfolio_return=0.31653813 val_loss=-0.27185827 val_portfolio_return=0.27185827
epoch=103 train_loss=-0.38897181 train_portfolio_return=0.38897181 val_loss=-0.25726327 val_portfolio_return=0.25726327
epoch=104 train_loss=-0.53954124 train_portfolio_return=0.53954124 val_loss=-0.32105955 val_portfolio_return=0.32105955
epoch=105 train_loss=-0.38723737 train_portfolio_return=0.38723737 val_loss=-0.28615385 val_portfolio_return=0.28615385
epoch=106 train_loss=-0.56398338 train_portfolio_return=0.56398338 val_loss=-0.27673167 val_portfolio_return=0.27673167
epoch=107 train_loss=-0.46664071 train_portfolio_return=0.46664071 val_loss=-0.23975679 val_portfolio_return=0.23975679
epoch=108 train_loss=-0.56415141 train_portfolio_return=0.56415141 val_loss=-0.23669355 val_portfolio_return=0.23669355
epoch=109 train_loss=-0.57510090 train_portfolio_return=0.57510090 val_loss=-0.23709300 val_portfolio_return=0.23709300
epoch=110 train_loss=-0.57548982 train_portfolio_return=0.57548982 val_loss=-0.23749173 val_portfolio_return=0.23749173
epoch=111 train_loss=-0.57603896 train_portfolio_return=0.57603896 val_loss=-0.23674715 val_portfolio_return=0.23674715
epoch=112 train_loss=-0.57605821 train_portfolio_return=0.57605821 val_loss=-0.23658367 val_portfolio_return=0.23658367
epoch=113 train_loss=-0.57605833 train_portfolio_return=0.57605833 val_loss=-0.23658425 val_portfolio_return=0.23658425
epoch=114 train_loss=-0.57605833 train_portfolio_return=0.57605833 val_loss=-0.23659131 val_portfolio_return=0.23659131
epoch=115 train_loss=-0.57605827 train_portfolio_return=0.57605827 val_loss=-0.23658065 val_portfolio_return=0.23658065
epoch=116 train_loss=-0.57605702 train_portfolio_return=0.57605702 val_loss=-0.23657601 val_portfolio_return=0.23657601
epoch=117 train_loss=-0.57605284 train_portfolio_return=0.57605284 val_loss=-0.23657939 val_portfolio_return=0.23657939
epoch=118 train_loss=-0.57605010 train_portfolio_return=0.57605010 val_loss=-0.23658949 val_portfolio_return=0.23658949
epoch=119 train_loss=-0.57605016 train_portfolio_return=0.57605016 val_loss=-0.23661500 val_portfolio_return=0.23661500
epoch=120 train_loss=-0.57604021 train_portfolio_return=0.57604021 val_loss=-0.23664500 val_portfolio_return=0.23664500
epoch=121 train_loss=-0.57604730 train_portfolio_return=0.57604730 val_loss=-0.23666705 val_portfolio_return=0.23666705
epoch=122 train_loss=-0.57604808 train_portfolio_return=0.57604808 val_loss=-0.23666848 val_portfolio_return=0.23666848
epoch=123 train_loss=-0.57604551 train_portfolio_return=0.57604551 val_loss=-0.23667453 val_portfolio_return=0.23667453
epoch=124 train_loss=-0.57603580 train_portfolio_return=0.57603580 val_loss=-0.23669234 val_portfolio_return=0.23669234
epoch=125 train_loss=-0.57603496 train_portfolio_return=0.57603496 val_loss=-0.23669794 val_portfolio_return=0.23669794
epoch=126 train_loss=-0.57603210 train_portfolio_return=0.57603210 val_loss=-0.23671104 val_portfolio_return=0.23671104
epoch=127 train_loss=-0.57602006 train_portfolio_return=0.57602006 val_loss=-0.23671557 val_portfolio_return=0.23671557
epoch=128 train_loss=-0.57601792 train_portfolio_return=0.57601792 val_loss=-0.23670986 val_portfolio_return=0.23670986
epoch=129 train_loss=-0.57601899 train_portfolio_return=0.57601899 val_loss=-0.23670506 val_portfolio_return=0.23670506
epoch=130 train_loss=-0.57602620 train_portfolio_return=0.57602620 val_loss=-0.23670141 val_portfolio_return=0.23670141
epoch=131 train_loss=-0.57603043 train_portfolio_return=0.57603043 val_loss=-0.23669337 val_portfolio_return=0.23669337
epoch=132 train_loss=-0.57603645 train_portfolio_return=0.57603645 val_loss=-0.23668738 val_portfolio_return=0.23668738
epoch=133 train_loss=-0.57604003 train_portfolio_return=0.57604003 val_loss=-0.23667786 val_portfolio_return=0.23667786
epoch=134 train_loss=-0.57604277 train_portfolio_return=0.57604277 val_loss=-0.23666754 val_portfolio_return=0.23666754
epoch=135 train_loss=-0.57604527 train_portfolio_return=0.57604527 val_loss=-0.23665982 val_portfolio_return=0.23665982
epoch=136 train_loss=-0.57604790 train_portfolio_return=0.57604790 val_loss=-0.23665300 val_portfolio_return=0.23665300
epoch=137 train_loss=-0.57605040 train_portfolio_return=0.57605040 val_loss=-0.23664673 val_portfolio_return=0.23664673
epoch=138 train_loss=-0.57605213 train_portfolio_return=0.57605213 val_loss=-0.23664078 val_portfolio_return=0.23664078
epoch=139 train_loss=-0.57605326 train_portfolio_return=0.57605326 val_loss=-0.23663518 val_portfolio_return=0.23663518
epoch=140 train_loss=-0.57605410 train_portfolio_return=0.57605410 val_loss=-0.23662984 val_portfolio_return=0.23662984
epoch=141 train_loss=-0.57605487 train_portfolio_return=0.57605487 val_loss=-0.23662426 val_portfolio_return=0.23662426
epoch=142 train_loss=-0.57605547 train_portfolio_return=0.57605547 val_loss=-0.23661864 val_portfolio_return=0.23661864
epoch=143 train_loss=-0.57605594 train_portfolio_return=0.57605594 val_loss=-0.23661381 val_portfolio_return=0.23661381
epoch=144 train_loss=-0.57605624 train_portfolio_return=0.57605624 val_loss=-0.23660989 val_portfolio_return=0.23660989
epoch=145 train_loss=-0.57605660 train_portfolio_return=0.57605660 val_loss=-0.23660669 val_portfolio_return=0.23660669
epoch=146 train_loss=-0.57605684 train_portfolio_return=0.57605684 val_loss=-0.23660395 val_portfolio_return=0.23660395
epoch=147 train_loss=-0.57605708 train_portfolio_return=0.57605708 val_loss=-0.23660162 val_portfolio_return=0.23660162
epoch=148 train_loss=-0.57605731 train_portfolio_return=0.57605731 val_loss=-0.23659961 val_portfolio_return=0.23659961
epoch=149 train_loss=-0.57605743 train_portfolio_return=0.57605743 val_loss=-0.23659785 val_portfolio_return=0.23659785
epoch=150 train_loss=-0.57605755 train_portfolio_return=0.57605755 val_loss=-0.23659633 val_portfolio_return=0.23659633
epoch=151 train_loss=-0.57605767 train_portfolio_return=0.57605767 val_loss=-0.23659496 val_portfolio_return=0.23659496
epoch=152 train_loss=-0.57605767 train_portfolio_return=0.57605767 val_loss=-0.23659375 val_portfolio_return=0.23659375
epoch=153 train_loss=-0.57605785 train_portfolio_return=0.57605785 val_loss=-0.23659265 val_portfolio_return=0.23659265
epoch=154 train_loss=-0.57605785 train_portfolio_return=0.57605785 val_loss=-0.23659168 val_portfolio_return=0.23659168
epoch=155 train_loss=-0.57605791 train_portfolio_return=0.57605791 val_loss=-0.23659082 val_portfolio_return=0.23659082
epoch=156 train_loss=-0.57605797 train_portfolio_return=0.57605797 val_loss=-0.23659004 val_portfolio_return=0.23659004
epoch=157 train_loss=-0.57605797 train_portfolio_return=0.57605797 val_loss=-0.23658931 val_portfolio_return=0.23658931
epoch=158 train_loss=-0.57605809 train_portfolio_return=0.57605809 val_loss=-0.23658869 val_portfolio_return=0.23658869
epoch=159 train_loss=-0.57605809 train_portfolio_return=0.57605809 val_loss=-0.23658811 val_portfolio_return=0.23658811
epoch=160 train_loss=-0.57605809 train_portfolio_return=0.57605809 val_loss=-0.23658757 val_portfolio_return=0.23658757
Early stopping triggered with patience=100 at epoch=160.
Loading best checkpoint for final backtest evaluation: /root/FactorMarketRL/portfolio_attention/outputs/checkpoints/train_best.pt.
Loaded feature columns successfully: stock=['characteristic_1', 'characteristic_2', 'characteristic_3', 'price'] market=['MKT', 'SMB', 'HML']
Dataset split summary: total_num_days=200 train_split_ratio=0.8000 validation_split_ratio=0.1000 backtest_split_ratio=0.1000 train_split_length=160 validation_split_length=20 backtest_split_length=20 analysis_horizon_days=19 train_horizon_start_index=141 train_horizon_end_index=159 validation_horizon_start_index=161 validation_horizon_end_index=179 backtest_horizon_start_index=181 backtest_horizon_end_index=199 dynamic_train_lookback_length=141 dynamic_validation_lookback_length=161 dynamic_backtest_lookback_length=181 train_window_count=1 validation_window_count=1 backtest_window_count=1
Running epoch-based train mode with train_windows=1 validation_windows=1 backtest_windows=1 batch_size=1 num_epochs=300.
epoch=1 train_loss=0.13458237 train_portfolio_return=-0.13458237 val_loss=0.06697491 val_portfolio_return=-0.06697491
epoch=2 train_loss=0.08519518 train_portfolio_return=-0.08519518 val_loss=0.04135573 val_portfolio_return=-0.04135573
epoch=3 train_loss=0.04992105 train_portfolio_return=-0.04992105 val_loss=0.02982563 val_portfolio_return=-0.02982563
epoch=4 train_loss=0.03609644 train_portfolio_return=-0.03609644 val_loss=0.01977325 val_portfolio_return=-0.01977325
epoch=5 train_loss=0.02180851 train_portfolio_return=-0.02180851 val_loss=0.01710575 val_portfolio_return=-0.01710575
epoch=6 train_loss=0.01311389 train_portfolio_return=-0.01311389 val_loss=0.03214535 val_portfolio_return=-0.03214535
epoch=7 train_loss=0.02046019 train_portfolio_return=-0.02046019 val_loss=0.01514387 val_portfolio_return=-0.01514387
epoch=8 train_loss=0.01229756 train_portfolio_return=-0.01229756 val_loss=0.01845755 val_portfolio_return=-0.01845755
epoch=9 train_loss=0.02218120 train_portfolio_return=-0.02218120 val_loss=0.02219529 val_portfolio_return=-0.02219529
epoch=10 train_loss=0.02756504 train_portfolio_return=-0.02756504 val_loss=0.02131786 val_portfolio_return=-0.02131786
epoch=11 train_loss=0.02548787 train_portfolio_return=-0.02548787 val_loss=0.01848239 val_portfolio_return=-0.01848239
epoch=12 train_loss=0.01970545 train_portfolio_return=-0.01970545 val_loss=0.01663530 val_portfolio_return=-0.01663530
epoch=13 train_loss=0.01513083 train_portfolio_return=-0.01513083 val_loss=0.01634014 val_portfolio_return=-0.01634014
epoch=14 train_loss=0.01345179 train_portfolio_return=-0.01345179 val_loss=0.01664628 val_portfolio_return=-0.01664628
epoch=15 train_loss=0.01314772 train_portfolio_return=-0.01314772 val_loss=0.01717826 val_portfolio_return=-0.01717826
epoch=16 train_loss=0.01344926 train_portfolio_return=-0.01344926 val_loss=0.01793333 val_portfolio_return=-0.01793333
epoch=17 train_loss=0.01346395 train_portfolio_return=-0.01346395 val_loss=0.01866157 val_portfolio_return=-0.01866157
epoch=18 train_loss=0.01198321 train_portfolio_return=-0.01198321 val_loss=0.01927298 val_portfolio_return=-0.01927298
epoch=19 train_loss=0.00804377 train_portfolio_return=-0.00804377 val_loss=0.02106376 val_portfolio_return=-0.02106376
epoch=20 train_loss=0.00349309 train_portfolio_return=-0.00349309 val_loss=0.02354345 val_portfolio_return=-0.02354345
epoch=21 train_loss=-0.00073399 train_portfolio_return=0.00073399 val_loss=0.02751076 val_portfolio_return=-0.02751076
epoch=22 train_loss=-0.00229695 train_portfolio_return=0.00229695 val_loss=0.02564712 val_portfolio_return=-0.02564712
epoch=23 train_loss=-0.00488637 train_portfolio_return=0.00488637 val_loss=0.01939052 val_portfolio_return=-0.01939052
epoch=24 train_loss=-0.00673887 train_portfolio_return=0.00673887 val_loss=0.02413914 val_portfolio_return=-0.02413914
epoch=25 train_loss=-0.00888883 train_portfolio_return=0.00888883 val_loss=0.02234728 val_portfolio_return=-0.02234728
epoch=26 train_loss=-0.01183916 train_portfolio_return=0.01183916 val_loss=0.02280633 val_portfolio_return=-0.02280633
epoch=27 train_loss=-0.01433554 train_portfolio_return=0.01433554 val_loss=0.03291525 val_portfolio_return=-0.03291525
epoch=28 train_loss=-0.01606880 train_portfolio_return=0.01606880 val_loss=0.03406666 val_portfolio_return=-0.03406666
epoch=29 train_loss=-0.01702640 train_portfolio_return=0.01702640 val_loss=0.03831956 val_portfolio_return=-0.03831956
epoch=30 train_loss=-0.01908211 train_portfolio_return=0.01908211 val_loss=0.03764782 val_portfolio_return=-0.03764782
epoch=31 train_loss=-0.02352592 train_portfolio_return=0.02352592 val_loss=0.04004260 val_portfolio_return=-0.04004260
epoch=32 train_loss=-0.03267720 train_portfolio_return=0.03267720 val_loss=0.03852084 val_portfolio_return=-0.03852084
epoch=33 train_loss=-0.05299652 train_portfolio_return=0.05299652 val_loss=0.05328070 val_portfolio_return=-0.05328070
epoch=34 train_loss=-0.08202636 train_portfolio_return=0.08202636 val_loss=0.05052538 val_portfolio_return=-0.05052538
epoch=35 train_loss=-0.05276062 train_portfolio_return=0.05276062 val_loss=0.05365511 val_portfolio_return=-0.05365511
epoch=36 train_loss=-0.06196397 train_portfolio_return=0.06196397 val_loss=0.07288446 val_portfolio_return=-0.07288446
epoch=37 train_loss=-0.08090508 train_portfolio_return=0.08090508 val_loss=0.08302749 val_portfolio_return=-0.08302749
epoch=38 train_loss=-0.10967334 train_portfolio_return=0.10967334 val_loss=0.08685494 val_portfolio_return=-0.08685494
epoch=39 train_loss=-0.11283625 train_portfolio_return=0.11283625 val_loss=0.08800447 val_portfolio_return=-0.08800447
epoch=40 train_loss=-0.11503088 train_portfolio_return=0.11503088 val_loss=0.03104170 val_portfolio_return=-0.03104170
epoch=41 train_loss=0.00216521 train_portfolio_return=-0.00216521 val_loss=0.08804932 val_portfolio_return=-0.08804932
epoch=42 train_loss=-0.11500318 train_portfolio_return=0.11500318 val_loss=0.08120177 val_portfolio_return=-0.08120177
epoch=43 train_loss=-0.08507235 train_portfolio_return=0.08507235 val_loss=0.08664539 val_portfolio_return=-0.08664539
epoch=44 train_loss=-0.10729928 train_portfolio_return=0.10729928 val_loss=0.08808606 val_portfolio_return=-0.08808606
epoch=45 train_loss=-0.11352988 train_portfolio_return=0.11352988 val_loss=0.08783495 val_portfolio_return=-0.08783495
epoch=46 train_loss=-0.11405426 train_portfolio_return=0.11405426 val_loss=0.08577456 val_portfolio_return=-0.08577456
epoch=47 train_loss=-0.10149980 train_portfolio_return=0.10149980 val_loss=0.08762287 val_portfolio_return=-0.08762287
epoch=48 train_loss=-0.11353776 train_portfolio_return=0.11353776 val_loss=0.08308312 val_portfolio_return=-0.08308312
epoch=49 train_loss=-0.09606499 train_portfolio_return=0.09606499 val_loss=0.08776717 val_portfolio_return=-0.08776717
epoch=50 train_loss=-0.11402133 train_portfolio_return=0.11402133 val_loss=0.08763268 val_portfolio_return=-0.08763268
epoch=51 train_loss=-0.11478939 train_portfolio_return=0.11478939 val_loss=0.08673306 val_portfolio_return=-0.08673306
epoch=52 train_loss=-0.11370152 train_portfolio_return=0.11370152 val_loss=0.08491055 val_portfolio_return=-0.08491055
epoch=53 train_loss=-0.11045380 train_portfolio_return=0.11045380 val_loss=0.08554026 val_portfolio_return=-0.08554026
epoch=54 train_loss=-0.11427795 train_portfolio_return=0.11427795 val_loss=0.08716101 val_portfolio_return=-0.08716101
epoch=55 train_loss=-0.11514340 train_portfolio_return=0.11514340 val_loss=0.08781845 val_portfolio_return=-0.08781845
epoch=56 train_loss=-0.11526219 train_portfolio_return=0.11526219 val_loss=0.08803205 val_portfolio_return=-0.08803205
epoch=57 train_loss=-0.11529175 train_portfolio_return=0.11529175 val_loss=0.08809645 val_portfolio_return=-0.08809645
epoch=58 train_loss=-0.11529912 train_portfolio_return=0.11529912 val_loss=0.08810008 val_portfolio_return=-0.08810008
epoch=59 train_loss=-0.11529942 train_portfolio_return=0.11529942 val_loss=0.08810010 val_portfolio_return=-0.08810010
epoch=60 train_loss=-0.11529937 train_portfolio_return=0.11529937 val_loss=0.08810004 val_portfolio_return=-0.08810004
epoch=61 train_loss=-0.11529914 train_portfolio_return=0.11529914 val_loss=0.08809981 val_portfolio_return=-0.08809981
epoch=62 train_loss=-0.11529783 train_portfolio_return=0.11529783 val_loss=0.08809843 val_portfolio_return=-0.08809843
epoch=63 train_loss=-0.11528382 train_portfolio_return=0.11528382 val_loss=0.08808659 val_portfolio_return=-0.08808659
epoch=64 train_loss=-0.11506277 train_portfolio_return=0.11506277 val_loss=0.08808554 val_portfolio_return=-0.08808554
epoch=65 train_loss=-0.11504020 train_portfolio_return=0.11504020 val_loss=0.08809813 val_portfolio_return=-0.08809813
epoch=66 train_loss=-0.11528096 train_portfolio_return=0.11528096 val_loss=0.08809966 val_portfolio_return=-0.08809966
epoch=67 train_loss=-0.11529675 train_portfolio_return=0.11529675 val_loss=0.08809995 val_portfolio_return=-0.08809995
epoch=68 train_loss=-0.11529874 train_portfolio_return=0.11529874 val_loss=0.08810005 val_portfolio_return=-0.08810005
epoch=69 train_loss=-0.11529917 train_portfolio_return=0.11529917 val_loss=0.08810009 val_portfolio_return=-0.08810009
epoch=70 train_loss=-0.11529932 train_portfolio_return=0.11529932 val_loss=0.08810011 val_portfolio_return=-0.08810011
epoch=71 train_loss=-0.11529940 train_portfolio_return=0.11529940 val_loss=0.08810011 val_portfolio_return=-0.08810011
epoch=72 train_loss=-0.11529942 train_portfolio_return=0.11529942 val_loss=0.08810013 val_portfolio_return=-0.08810013
epoch=73 train_loss=-0.11529943 train_portfolio_return=0.11529943 val_loss=0.08810012 val_portfolio_return=-0.08810012
epoch=74 train_loss=-0.11529943 train_portfolio_return=0.11529943 val_loss=0.08810011 val_portfolio_return=-0.08810011
epoch=75 train_loss=-0.11529945 train_portfolio_return=0.11529945 val_loss=0.08810011 val_portfolio_return=-0.08810011
epoch=76 train_loss=-0.11529943 train_portfolio_return=0.11529943 val_loss=0.08810008 val_portfolio_return=-0.08810008
epoch=77 train_loss=-0.11529943 train_portfolio_return=0.11529943 val_loss=0.08810002 val_portfolio_return=-0.08810002
epoch=78 train_loss=-0.11529943 train_portfolio_return=0.11529943 val_loss=0.08809989 val_portfolio_return=-0.08809989
epoch=79 train_loss=-0.11529941 train_portfolio_return=0.11529941 val_loss=0.08809966 val_portfolio_return=-0.08809966
epoch=80 train_loss=-0.11529937 train_portfolio_return=0.11529937 val_loss=0.08809933 val_portfolio_return=-0.08809933
epoch=81 train_loss=-0.11529932 train_portfolio_return=0.11529932 val_loss=0.08809888 val_portfolio_return=-0.08809888
epoch=82 train_loss=-0.11529925 train_portfolio_return=0.11529925 val_loss=0.08809834 val_portfolio_return=-0.08809834
epoch=83 train_loss=-0.11529916 train_portfolio_return=0.11529916 val_loss=0.08809768 val_portfolio_return=-0.08809768
epoch=84 train_loss=-0.11529906 train_portfolio_return=0.11529906 val_loss=0.08809697 val_portfolio_return=-0.08809697
epoch=85 train_loss=-0.11529894 train_portfolio_return=0.11529894 val_loss=0.08809620 val_portfolio_return=-0.08809620
epoch=86 train_loss=-0.11529882 train_portfolio_return=0.11529882 val_loss=0.08809540 val_portfolio_return=-0.08809540
epoch=87 train_loss=-0.11529869 train_portfolio_return=0.11529869 val_loss=0.08809459 val_portfolio_return=-0.08809459
epoch=88 train_loss=-0.11529857 train_portfolio_return=0.11529857 val_loss=0.08809381 val_portfolio_return=-0.08809381
epoch=89 train_loss=-0.11529844 train_portfolio_return=0.11529844 val_loss=0.08809303 val_portfolio_return=-0.08809303
epoch=90 train_loss=-0.11529833 train_portfolio_return=0.11529833 val_loss=0.08809232 val_portfolio_return=-0.08809232
epoch=91 train_loss=-0.11529821 train_portfolio_return=0.11529821 val_loss=0.08809165 val_portfolio_return=-0.08809165
epoch=92 train_loss=-0.11529811 train_portfolio_return=0.11529811 val_loss=0.08809103 val_portfolio_return=-0.08809103
epoch=93 train_loss=-0.11529803 train_portfolio_return=0.11529803 val_loss=0.08809049 val_portfolio_return=-0.08809049
epoch=94 train_loss=-0.11529794 train_portfolio_return=0.11529794 val_loss=0.08809001 val_portfolio_return=-0.08809001
epoch=95 train_loss=-0.11529786 train_portfolio_return=0.11529786 val_loss=0.08808960 val_portfolio_return=-0.08808960
epoch=96 train_loss=-0.11529780 train_portfolio_return=0.11529780 val_loss=0.08808928 val_portfolio_return=-0.08808928
epoch=97 train_loss=-0.11529775 train_portfolio_return=0.11529775 val_loss=0.08808900 val_portfolio_return=-0.08808900
epoch=98 train_loss=-0.11529771 train_portfolio_return=0.11529771 val_loss=0.08808880 val_portfolio_return=-0.08808880
epoch=99 train_loss=-0.11529769 train_portfolio_return=0.11529769 val_loss=0.08808867 val_portfolio_return=-0.08808867
epoch=100 train_loss=-0.11529766 train_portfolio_return=0.11529766 val_loss=0.08808858 val_portfolio_return=-0.08808858
epoch=101 train_loss=-0.11529765 train_portfolio_return=0.11529765 val_loss=0.08808856 val_portfolio_return=-0.08808856
epoch=102 train_loss=-0.11529764 train_portfolio_return=0.11529764 val_loss=0.08808858 val_portfolio_return=-0.08808858
epoch=103 train_loss=-0.11529765 train_portfolio_return=0.11529765 val_loss=0.08808867 val_portfolio_return=-0.08808867
epoch=104 train_loss=-0.11529765 train_portfolio_return=0.11529765 val_loss=0.08808878 val_portfolio_return=-0.08808878
epoch=105 train_loss=-0.11529768 train_portfolio_return=0.11529768 val_loss=0.08808894 val_portfolio_return=-0.08808894
epoch=106 train_loss=-0.11529769 train_portfolio_return=0.11529769 val_loss=0.08808912 val_portfolio_return=-0.08808912
epoch=107 train_loss=-0.11529772 train_portfolio_return=0.11529772 val_loss=0.08808934 val_portfolio_return=-0.08808934
Early stopping triggered with patience=100 at epoch=107.
Loading best checkpoint for final backtest evaluation: /root/FactorMarketRL/portfolio_attention/outputs/checkpoints/train_best.pt.
Loaded feature columns successfully: stock=['characteristic_1', 'characteristic_2', 'characteristic_3', 'price'] market=['MKT', 'SMB', 'HML']
Dataset split summary: total_num_days=200 train_split_ratio=0.8000 validation_split_ratio=0.1000 backtest_split_ratio=0.1000 train_split_length=160 validation_split_length=20 backtest_split_length=20 analysis_horizon_days=19 train_horizon_start_index=141 train_horizon_end_index=159 validation_horizon_start_index=161 validation_horizon_end_index=179 backtest_horizon_start_index=181 backtest_horizon_end_index=199 dynamic_train_lookback_length=141 dynamic_validation_lookback_length=161 dynamic_backtest_lookback_length=181 train_window_count=1 validation_window_count=1 backtest_window_count=1
Running epoch-based train mode with train_windows=1 validation_windows=1 backtest_windows=1 batch_size=1 num_epochs=300.
epoch=1 train_loss=0.13458237 train_portfolio_return=-0.13458237 val_loss=0.06697491 val_portfolio_return=-0.06697491
epoch=2 train_loss=0.08519518 train_portfolio_return=-0.08519518 val_loss=0.04135573 val_portfolio_return=-0.04135573
epoch=3 train_loss=0.04992105 train_portfolio_return=-0.04992105 val_loss=0.02982563 val_portfolio_return=-0.02982563
epoch=4 train_loss=0.03609645 train_portfolio_return=-0.03609645 val_loss=0.01977326 val_portfolio_return=-0.01977326
epoch=5 train_loss=0.02180851 train_portfolio_return=-0.02180851 val_loss=0.01710575 val_portfolio_return=-0.01710575
epoch=6 train_loss=0.01311390 train_portfolio_return=-0.01311390 val_loss=0.03214524 val_portfolio_return=-0.03214524
epoch=7 train_loss=0.02046002 train_portfolio_return=-0.02046002 val_loss=0.01514387 val_portfolio_return=-0.01514387
epoch=8 train_loss=0.01229755 train_portfolio_return=-0.01229755 val_loss=0.01845754 val_portfolio_return=-0.01845754
epoch=9 train_loss=0.02218118 train_portfolio_return=-0.02218118 val_loss=0.02219525 val_portfolio_return=-0.02219525
epoch=10 train_loss=0.02756500 train_portfolio_return=-0.02756500 val_loss=0.02131779 val_portfolio_return=-0.02131779
epoch=11 train_loss=0.02548778 train_portfolio_return=-0.02548778 val_loss=0.01848233 val_portfolio_return=-0.01848233
epoch=12 train_loss=0.01970534 train_portfolio_return=-0.01970534 val_loss=0.01663527 val_portfolio_return=-0.01663527
epoch=13 train_loss=0.01513077 train_portfolio_return=-0.01513077 val_loss=0.01634014 val_portfolio_return=-0.01634014
epoch=14 train_loss=0.01345177 train_portfolio_return=-0.01345177 val_loss=0.01664628 val_portfolio_return=-0.01664628
epoch=15 train_loss=0.01314771 train_portfolio_return=-0.01314771 val_loss=0.01717827 val_portfolio_return=-0.01717827
epoch=16 train_loss=0.01344924 train_portfolio_return=-0.01344924 val_loss=0.01793336 val_portfolio_return=-0.01793336
epoch=17 train_loss=0.01346402 train_portfolio_return=-0.01346402 val_loss=0.01866159 val_portfolio_return=-0.01866159
epoch=18 train_loss=0.01198319 train_portfolio_return=-0.01198319 val_loss=0.01927292 val_portfolio_return=-0.01927292
epoch=19 train_loss=0.00804380 train_portfolio_return=-0.00804380 val_loss=0.02106359 val_portfolio_return=-0.02106359
epoch=20 train_loss=0.00349316 train_portfolio_return=-0.00349316 val_loss=0.02354365 val_portfolio_return=-0.02354365
epoch=21 train_loss=-0.00073402 train_portfolio_return=0.00073402 val_loss=0.02751140 val_portfolio_return=-0.02751140
epoch=22 train_loss=-0.00229685 train_portfolio_return=0.00229685 val_loss=0.02564742 val_portfolio_return=-0.02564742
epoch=23 train_loss=-0.00488634 train_portfolio_return=0.00488634 val_loss=0.01939000 val_portfolio_return=-0.01939000
epoch=24 train_loss=-0.00673865 train_portfolio_return=0.00673865 val_loss=0.02413932 val_portfolio_return=-0.02413932
epoch=25 train_loss=-0.00888861 train_portfolio_return=0.00888861 val_loss=0.02234810 val_portfolio_return=-0.02234810
epoch=26 train_loss=-0.01183879 train_portfolio_return=0.01183879 val_loss=0.02280397 val_portfolio_return=-0.02280397
epoch=27 train_loss=-0.01433474 train_portfolio_return=0.01433474 val_loss=0.03291222 val_portfolio_return=-0.03291222
epoch=28 train_loss=-0.01606894 train_portfolio_return=0.01606894 val_loss=0.03406282 val_portfolio_return=-0.03406282
epoch=29 train_loss=-0.01702561 train_portfolio_return=0.01702561 val_loss=0.03831812 val_portfolio_return=-0.03831812
epoch=30 train_loss=-0.01908045 train_portfolio_return=0.01908045 val_loss=0.03764865 val_portfolio_return=-0.03764865
epoch=31 train_loss=-0.02352597 train_portfolio_return=0.02352597 val_loss=0.04003688 val_portfolio_return=-0.04003688
epoch=32 train_loss=-0.03268071 train_portfolio_return=0.03268071 val_loss=0.03852327 val_portfolio_return=-0.03852327
epoch=33 train_loss=-0.05301143 train_portfolio_return=0.05301143 val_loss=0.05318032 val_portfolio_return=-0.05318032
epoch=34 train_loss=-0.08182567 train_portfolio_return=0.08182567 val_loss=0.05051929 val_portfolio_return=-0.05051929
epoch=35 train_loss=-0.05277131 train_portfolio_return=0.05277131 val_loss=0.05365282 val_portfolio_return=-0.05365282
epoch=36 train_loss=-0.06200220 train_portfolio_return=0.06200220 val_loss=0.07290675 val_portfolio_return=-0.07290675
epoch=37 train_loss=-0.08090856 train_portfolio_return=0.08090856 val_loss=0.08309916 val_portfolio_return=-0.08309916
epoch=38 train_loss=-0.10979588 train_portfolio_return=0.10979588 val_loss=0.08683833 val_portfolio_return=-0.08683833
epoch=39 train_loss=-0.11279767 train_portfolio_return=0.11279767 val_loss=0.08800647 val_portfolio_return=-0.08800647
epoch=40 train_loss=-0.11503610 train_portfolio_return=0.11503610 val_loss=0.03182821 val_portfolio_return=-0.03182821
epoch=41 train_loss=0.00139628 train_portfolio_return=-0.00139628 val_loss=0.08805254 val_portfolio_return=-0.08805254
epoch=42 train_loss=-0.11500023 train_portfolio_return=0.11500023 val_loss=0.08112083 val_portfolio_return=-0.08112083
epoch=43 train_loss=-0.08486611 train_portfolio_return=0.08486611 val_loss=0.08665870 val_portfolio_return=-0.08665870
epoch=44 train_loss=-0.10746349 train_portfolio_return=0.10746349 val_loss=0.08809225 val_portfolio_return=-0.08809225
epoch=45 train_loss=-0.11352456 train_portfolio_return=0.11352456 val_loss=0.08789510 val_portfolio_return=-0.08789510
epoch=46 train_loss=-0.11414701 train_portfolio_return=0.11414701 val_loss=0.08638123 val_portfolio_return=-0.08638123
epoch=47 train_loss=-0.10260230 train_portfolio_return=0.10260230 val_loss=0.08785124 val_portfolio_return=-0.08785124
epoch=48 train_loss=-0.11430083 train_portfolio_return=0.11430083 val_loss=0.08311846 val_portfolio_return=-0.08311846
epoch=49 train_loss=-0.09452894 train_portfolio_return=0.09452894 val_loss=0.08797993 val_portfolio_return=-0.08797993
epoch=50 train_loss=-0.11438961 train_portfolio_return=0.11438961 val_loss=0.08768411 val_portfolio_return=-0.08768411
epoch=51 train_loss=-0.11495025 train_portfolio_return=0.11495025 val_loss=0.08641289 val_portfolio_return=-0.08641289
epoch=52 train_loss=-0.11353453 train_portfolio_return=0.11353453 val_loss=0.08532789 val_portfolio_return=-0.08532789
epoch=53 train_loss=-0.11039603 train_portfolio_return=0.11039603 val_loss=0.08592839 val_portfolio_return=-0.08592839
epoch=54 train_loss=-0.11440788 train_portfolio_return=0.11440788 val_loss=0.08709113 val_portfolio_return=-0.08709113
epoch=55 train_loss=-0.11515173 train_portfolio_return=0.11515173 val_loss=0.08780086 val_portfolio_return=-0.08780086
epoch=56 train_loss=-0.11526173 train_portfolio_return=0.11526173 val_loss=0.08804525 val_portfolio_return=-0.08804525
epoch=57 train_loss=-0.11529366 train_portfolio_return=0.11529366 val_loss=0.08809861 val_portfolio_return=-0.08809861
epoch=58 train_loss=-0.11529931 train_portfolio_return=0.11529931 val_loss=0.08810009 val_portfolio_return=-0.08810009
epoch=59 train_loss=-0.11529941 train_portfolio_return=0.11529941 val_loss=0.08810007 val_portfolio_return=-0.08810007
epoch=60 train_loss=-0.11529928 train_portfolio_return=0.11529928 val_loss=0.08809993 val_portfolio_return=-0.08809993
epoch=61 train_loss=-0.11529846 train_portfolio_return=0.11529846 val_loss=0.08809881 val_portfolio_return=-0.08809881
epoch=62 train_loss=-0.11528717 train_portfolio_return=0.11528717 val_loss=0.08808475 val_portfolio_return=-0.08808475
epoch=63 train_loss=-0.11499794 train_portfolio_return=0.11499794 val_loss=0.08808689 val_portfolio_return=-0.08808689
epoch=64 train_loss=-0.11504679 train_portfolio_return=0.11504679 val_loss=0.08809854 val_portfolio_return=-0.08809854
epoch=65 train_loss=-0.11528403 train_portfolio_return=0.11528403 val_loss=0.08809977 val_portfolio_return=-0.08809977
epoch=66 train_loss=-0.11529738 train_portfolio_return=0.11529738 val_loss=0.08810001 val_portfolio_return=-0.08810001
epoch=67 train_loss=-0.11529893 train_portfolio_return=0.11529893 val_loss=0.08810008 val_portfolio_return=-0.08810008
epoch=68 train_loss=-0.11529927 train_portfolio_return=0.11529927 val_loss=0.08810011 val_portfolio_return=-0.08810011
epoch=69 train_loss=-0.11529938 train_portfolio_return=0.11529938 val_loss=0.08810011 val_portfolio_return=-0.08810011
epoch=70 train_loss=-0.11529941 train_portfolio_return=0.11529941 val_loss=0.08810014 val_portfolio_return=-0.08810014
epoch=71 train_loss=-0.11529943 train_portfolio_return=0.11529943 val_loss=0.08810012 val_portfolio_return=-0.08810012
epoch=72 train_loss=-0.11529945 train_portfolio_return=0.11529945 val_loss=0.08810011 val_portfolio_return=-0.08810011
epoch=73 train_loss=-0.11529944 train_portfolio_return=0.11529944 val_loss=0.08810009 val_portfolio_return=-0.08810009
epoch=74 train_loss=-0.11529944 train_portfolio_return=0.11529944 val_loss=0.08810002 val_portfolio_return=-0.08810002
epoch=75 train_loss=-0.11529943 train_portfolio_return=0.11529943 val_loss=0.08809987 val_portfolio_return=-0.08809987
epoch=76 train_loss=-0.11529940 train_portfolio_return=0.11529940 val_loss=0.08809957 val_portfolio_return=-0.08809957
epoch=77 train_loss=-0.11529937 train_portfolio_return=0.11529937 val_loss=0.08809906 val_portfolio_return=-0.08809906
epoch=78 train_loss=-0.11529928 train_portfolio_return=0.11529928 val_loss=0.08809832 val_portfolio_return=-0.08809832
epoch=79 train_loss=-0.11529914 train_portfolio_return=0.11529914 val_loss=0.08809735 val_portfolio_return=-0.08809735
epoch=80 train_loss=-0.11529898 train_portfolio_return=0.11529898 val_loss=0.08809618 val_portfolio_return=-0.08809618
epoch=81 train_loss=-0.11529878 train_portfolio_return=0.11529878 val_loss=0.08809483 val_portfolio_return=-0.08809483
epoch=82 train_loss=-0.11529856 train_portfolio_return=0.11529856 val_loss=0.08809339 val_portfolio_return=-0.08809339
epoch=83 train_loss=-0.11529832 train_portfolio_return=0.11529832 val_loss=0.08809187 val_portfolio_return=-0.08809187
epoch=84 train_loss=-0.11529809 train_portfolio_return=0.11529809 val_loss=0.08809035 val_portfolio_return=-0.08809035
epoch=85 train_loss=-0.11529782 train_portfolio_return=0.11529782 val_loss=0.08808885 val_portfolio_return=-0.08808885
epoch=86 train_loss=-0.11529759 train_portfolio_return=0.11529759 val_loss=0.08808743 val_portfolio_return=-0.08808743
epoch=87 train_loss=-0.11529737 train_portfolio_return=0.11529737 val_loss=0.08808611 val_portfolio_return=-0.08808611
epoch=88 train_loss=-0.11529715 train_portfolio_return=0.11529715 val_loss=0.08808489 val_portfolio_return=-0.08808489
epoch=89 train_loss=-0.11529697 train_portfolio_return=0.11529697 val_loss=0.08808381 val_portfolio_return=-0.08808381
epoch=90 train_loss=-0.11529681 train_portfolio_return=0.11529681 val_loss=0.08808287 val_portfolio_return=-0.08808287
epoch=91 train_loss=-0.11529665 train_portfolio_return=0.11529665 val_loss=0.08808208 val_portfolio_return=-0.08808208
epoch=92 train_loss=-0.11529653 train_portfolio_return=0.11529653 val_loss=0.08808143 val_portfolio_return=-0.08808143
epoch=93 train_loss=-0.11529643 train_portfolio_return=0.11529643 val_loss=0.08808093 val_portfolio_return=-0.08808093
epoch=94 train_loss=-0.11529635 train_portfolio_return=0.11529635 val_loss=0.08808056 val_portfolio_return=-0.08808056
epoch=95 train_loss=-0.11529630 train_portfolio_return=0.11529630 val_loss=0.08808034 val_portfolio_return=-0.08808034
epoch=96 train_loss=-0.11529626 train_portfolio_return=0.11529626 val_loss=0.08808025 val_portfolio_return=-0.08808025
epoch=97 train_loss=-0.11529624 train_portfolio_return=0.11529624 val_loss=0.08808026 val_portfolio_return=-0.08808026
epoch=98 train_loss=-0.11529624 train_portfolio_return=0.11529624 val_loss=0.08808038 val_portfolio_return=-0.08808038
epoch=99 train_loss=-0.11529627 train_portfolio_return=0.11529627 val_loss=0.08808060 val_portfolio_return=-0.08808060
epoch=100 train_loss=-0.11529630 train_portfolio_return=0.11529630 val_loss=0.08808091 val_portfolio_return=-0.08808091
epoch=101 train_loss=-0.11529636 train_portfolio_return=0.11529636 val_loss=0.08808129 val_portfolio_return=-0.08808129
epoch=102 train_loss=-0.11529639 train_portfolio_return=0.11529639 val_loss=0.08808172 val_portfolio_return=-0.08808172
epoch=103 train_loss=-0.11529647 train_portfolio_return=0.11529647 val_loss=0.08808222 val_portfolio_return=-0.08808222
epoch=104 train_loss=-0.11529655 train_portfolio_return=0.11529655 val_loss=0.08808276 val_portfolio_return=-0.08808276
epoch=105 train_loss=-0.11529662 train_portfolio_return=0.11529662 val_loss=0.08808333 val_portfolio_return=-0.08808333
epoch=106 train_loss=-0.11529671 train_portfolio_return=0.11529671 val_loss=0.08808394 val_portfolio_return=-0.08808394
epoch=107 train_loss=-0.11529679 train_portfolio_return=0.11529679 val_loss=0.08808456 val_portfolio_return=-0.08808456
Early stopping triggered with patience=100 at epoch=107.
Loading best checkpoint for final backtest evaluation: /root/FactorMarketRL/portfolio_attention/outputs/checkpoints/train_best.pt.
Loaded feature columns successfully: stock=['characteristic_1', 'characteristic_2', 'characteristic_3', 'price'] market=['MKT', 'SMB', 'HML']
Dataset split summary: total_num_days=200 train_split_ratio=0.8000 validation_split_ratio=0.1000 backtest_split_ratio=0.1000 train_split_length=160 validation_split_length=20 backtest_split_length=20 analysis_horizon_days=19 train_horizon_start_index=141 train_horizon_end_index=159 validation_horizon_start_index=161 validation_horizon_end_index=179 backtest_horizon_start_index=181 backtest_horizon_end_index=199 dynamic_train_lookback_length=141 dynamic_validation_lookback_length=161 dynamic_backtest_lookback_length=181 train_window_count=1 validation_window_count=1 backtest_window_count=1
Running epoch-based train mode with train_windows=1 validation_windows=1 backtest_windows=1 batch_size=1 num_epochs=300.
epoch=1 train_loss=0.13458240 train_portfolio_return=-0.13458237 val_loss=0.06697488 val_portfolio_return=-0.06697491
epoch=2 train_loss=0.08519518 train_portfolio_return=-0.08519518 val_loss=0.04135573 val_portfolio_return=-0.04135573
epoch=3 train_loss=0.04992104 train_portfolio_return=-0.04992105 val_loss=0.02982563 val_portfolio_return=-0.02982563
epoch=4 train_loss=0.03609645 train_portfolio_return=-0.03609644 val_loss=0.01977324 val_portfolio_return=-0.01977326
epoch=5 train_loss=0.02180851 train_portfolio_return=-0.02180851 val_loss=0.01710576 val_portfolio_return=-0.01710575
epoch=6 train_loss=0.01311392 train_portfolio_return=-0.01311390 val_loss=0.03214520 val_portfolio_return=-0.03214520
epoch=7 train_loss=0.02045995 train_portfolio_return=-0.02045997 val_loss=0.01514387 val_portfolio_return=-0.01514387
epoch=8 train_loss=0.01229757 train_portfolio_return=-0.01229755 val_loss=0.01845753 val_portfolio_return=-0.01845753
epoch=9 train_loss=0.02218115 train_portfolio_return=-0.02218117 val_loss=0.02219522 val_portfolio_return=-0.02219523
epoch=10 train_loss=0.02756500 train_portfolio_return=-0.02756498 val_loss=0.02131778 val_portfolio_return=-0.02131777
epoch=11 train_loss=0.02548772 train_portfolio_return=-0.02548774 val_loss=0.01848233 val_portfolio_return=-0.01848231
epoch=12 train_loss=0.01970530 train_portfolio_return=-0.01970530 val_loss=0.01663524 val_portfolio_return=-0.01663526
epoch=13 train_loss=0.01513076 train_portfolio_return=-0.01513075 val_loss=0.01634014 val_portfolio_return=-0.01634014
epoch=14 train_loss=0.01345176 train_portfolio_return=-0.01345176 val_loss=0.01664627 val_portfolio_return=-0.01664628
epoch=15 train_loss=0.01314771 train_portfolio_return=-0.01314771 val_loss=0.01717830 val_portfolio_return=-0.01717827
epoch=16 train_loss=0.01344925 train_portfolio_return=-0.01344922 val_loss=0.01793337 val_portfolio_return=-0.01793337
epoch=17 train_loss=0.01346403 train_portfolio_return=-0.01346405 val_loss=0.01866150 val_portfolio_return=-0.01866152
epoch=18 train_loss=0.01198322 train_portfolio_return=-0.01198320 val_loss=0.01927280 val_portfolio_return=-0.01927282
epoch=19 train_loss=0.00804383 train_portfolio_return=-0.00804381 val_loss=0.02106321 val_portfolio_return=-0.02106323
epoch=20 train_loss=0.00349331 train_portfolio_return=-0.00349330 val_loss=0.02354330 val_portfolio_return=-0.02354332
epoch=21 train_loss=-0.00073397 train_portfolio_return=0.00073395 val_loss=0.02751148 val_portfolio_return=-0.02751146
epoch=22 train_loss=-0.00229681 train_portfolio_return=0.00229675 val_loss=0.02564740 val_portfolio_return=-0.02564741
epoch=23 train_loss=-0.00488627 train_portfolio_return=0.00488623 val_loss=0.01938856 val_portfolio_return=-0.01938857
epoch=24 train_loss=-0.00673819 train_portfolio_return=0.00673822 val_loss=0.02413803 val_portfolio_return=-0.02413806
epoch=25 train_loss=-0.00888801 train_portfolio_return=0.00888804 val_loss=0.02234709 val_portfolio_return=-0.02234708
epoch=26 train_loss=-0.01183677 train_portfolio_return=0.01183677 val_loss=0.02279556 val_portfolio_return=-0.02279555
epoch=27 train_loss=-0.01433158 train_portfolio_return=0.01433159 val_loss=0.03289473 val_portfolio_return=-0.03289472
epoch=28 train_loss=-0.01606846 train_portfolio_return=0.01606842 val_loss=0.03402978 val_portfolio_return=-0.03402977
epoch=29 train_loss=-0.01702547 train_portfolio_return=0.01702552 val_loss=0.03830892 val_portfolio_return=-0.03830892
epoch=30 train_loss=-0.01907980 train_portfolio_return=0.01907977 val_loss=0.03765440 val_portfolio_return=-0.03765439
epoch=31 train_loss=-0.02352285 train_portfolio_return=0.02352290 val_loss=0.04002517 val_portfolio_return=-0.04002515
epoch=32 train_loss=-0.03267586 train_portfolio_return=0.03267587 val_loss=0.03855693 val_portfolio_return=-0.03855692
epoch=33 train_loss=-0.05298567 train_portfolio_return=0.05298567 val_loss=0.05175972 val_portfolio_return=-0.05175972
epoch=34 train_loss=-0.08005095 train_portfolio_return=0.08005095 val_loss=0.05044025 val_portfolio_return=-0.05044027
epoch=35 train_loss=-0.05273867 train_portfolio_return=0.05273871 val_loss=0.05365449 val_portfolio_return=-0.05365450
epoch=36 train_loss=-0.06247497 train_portfolio_return=0.06247502 val_loss=0.07294989 val_portfolio_return=-0.07294991
epoch=37 train_loss=-0.08086419 train_portfolio_return=0.08086418 val_loss=0.08327121 val_portfolio_return=-0.08327122
epoch=38 train_loss=-0.11031723 train_portfolio_return=0.11031728 val_loss=0.08670497 val_portfolio_return=-0.08670495
epoch=39 train_loss=-0.11252058 train_portfolio_return=0.11252057 val_loss=0.08801520 val_portfolio_return=-0.08801517
epoch=40 train_loss=-0.11505437 train_portfolio_return=0.11505435 val_loss=0.03896141 val_portfolio_return=-0.03896142
epoch=41 train_loss=-0.00657725 train_portfolio_return=0.00657730 val_loss=0.08805853 val_portfolio_return=-0.08805851
epoch=42 train_loss=-0.11491013 train_portfolio_return=0.11491007 val_loss=0.08060491 val_portfolio_return=-0.08060488
epoch=43 train_loss=-0.08371496 train_portfolio_return=0.08371491 val_loss=0.08676589 val_portfolio_return=-0.08676587
epoch=44 train_loss=-0.10854375 train_portfolio_return=0.10854372 val_loss=0.08810818 val_portfolio_return=-0.08810821
epoch=45 train_loss=-0.11340427 train_portfolio_return=0.11340427 val_loss=0.08800662 val_portfolio_return=-0.08800663
epoch=46 train_loss=-0.11425352 train_portfolio_return=0.11425347 val_loss=0.08775312 val_portfolio_return=-0.08775310
epoch=47 train_loss=-0.10860205 train_portfolio_return=0.10860208 val_loss=0.08803368 val_portfolio_return=-0.08803369
epoch=48 train_loss=-0.11424553 train_portfolio_return=0.11424550 val_loss=0.08803368 val_portfolio_return=-0.08803365
epoch=49 train_loss=-0.11494696 train_portfolio_return=0.11494691 val_loss=0.08765280 val_portfolio_return=-0.08765280
epoch=50 train_loss=-0.11429787 train_portfolio_return=0.11429788 val_loss=0.08764732 val_portfolio_return=-0.08764730
epoch=51 train_loss=-0.11449146 train_portfolio_return=0.11449147 val_loss=0.08803689 val_portfolio_return=-0.08803692
epoch=52 train_loss=-0.11513996 train_portfolio_return=0.11513993 val_loss=0.08808339 val_portfolio_return=-0.08808336
epoch=53 train_loss=-0.11524487 train_portfolio_return=0.11524490 val_loss=0.08809406 val_portfolio_return=-0.08809405
epoch=54 train_loss=-0.11527729 train_portfolio_return=0.11527734 val_loss=0.08809757 val_portfolio_return=-0.08809760
epoch=55 train_loss=-0.11528909 train_portfolio_return=0.11528906 val_loss=0.08809894 val_portfolio_return=-0.08809894
epoch=56 train_loss=-0.11529362 train_portfolio_return=0.11529359 val_loss=0.08809942 val_portfolio_return=-0.08809944
epoch=57 train_loss=-0.11529541 train_portfolio_return=0.11529536 val_loss=0.08809966 val_portfolio_return=-0.08809965
epoch=58 train_loss=-0.11529601 train_portfolio_return=0.11529602 val_loss=0.08809972 val_portfolio_return=-0.08809973
epoch=59 train_loss=-0.11529613 train_portfolio_return=0.11529609 val_loss=0.08809978 val_portfolio_return=-0.08809977
epoch=60 train_loss=-0.11529577 train_portfolio_return=0.11529577 val_loss=0.08809978 val_portfolio_return=-0.08809976
epoch=61 train_loss=-0.11529517 train_portfolio_return=0.11529513 val_loss=0.08809972 val_portfolio_return=-0.08809974
epoch=62 train_loss=-0.11529422 train_portfolio_return=0.11529417 val_loss=0.08809966 val_portfolio_return=-0.08809967
